<?xml version="1.0" encoding="UTF-8"?>
<testsuite name="com.baboai.hdwalletkit.HDKeychainTest" tests="3" skipped="0" failures="0" errors="0" timestamp="2022-03-16T23:26:49" hostname="SeungHocBookPro" time="0.016">
  <properties/>
  <testcase name="getPrivateKeyByPath_invalidPath" classname="com.baboai.hdwalletkit.HDKeychainTest" time="0.008"/>
  <testcase name="getKeyByPath_Bip32" classname="com.baboai.hdwalletkit.HDKeychainTest" time="0.004"/>
  <testcase name="getKeyByPath_Bip44" classname="com.baboai.hdwalletkit.HDKeychainTest" time="0.002"/>
  <system-out><![CDATA[]]></system-out>
  <system-err><![CDATA[]]></system-err>
</testsuite>
