<?xml version="1.0" encoding="UTF-8"?>
<testsuite name="com.baboai.hdwalletkit.ECKeyTest" tests="4" skipped="0" failures="0" errors="0" timestamp="2022-03-16T23:26:49" hostname="SeungHocBookPro" time="0.016">
  <properties/>
  <testcase name="createSignature_Success" classname="com.baboai.hdwalletkit.ECKeyTest" time="0.005"/>
  <testcase name="createSignature_NoPrivateKey" classname="com.baboai.hdwalletkit.ECKeyTest" time="0.0"/>
  <testcase name="signMessage" classname="com.baboai.hdwalletkit.ECKeyTest" time="0.003"/>
  <testcase name="verifySignature" classname="com.baboai.hdwalletkit.ECKeyTest" time="0.008"/>
  <system-out><![CDATA[]]></system-out>
  <system-err><![CDATA[]]></system-err>
</testsuite>
