<?xml version="1.0" encoding="UTF-8"?>
<testsuite name="com.baboai.hdwalletkit.MnemonicTest" tests="10" skipped="0" failures="0" errors="0" timestamp="2022-03-16T23:26:49" hostname="SeungHocBookPro" time="0.655">
  <properties/>
  <testcase name="generate" classname="com.baboai.hdwalletkit.MnemonicTest" time="0.539"/>
  <testcase name="toMnemonic_EmptyEntropy" classname="com.baboai.hdwalletkit.MnemonicTest" time="0.001"/>
  <testcase name="validate_Success" classname="com.baboai.hdwalletkit.MnemonicTest" time="0.021"/>
  <testcase name="toMnemonic_Success" classname="com.baboai.hdwalletkit.MnemonicTest" time="0.001"/>
  <testcase name="validate_WrongWordsCount" classname="com.baboai.hdwalletkit.MnemonicTest" time="0.003"/>
  <testcase name="validate_InvalidChecksum" classname="com.baboai.hdwalletkit.MnemonicTest" time="0.003"/>
  <testcase name="toSeed_Success" classname="com.baboai.hdwalletkit.MnemonicTest" time="0.083"/>
  <testcase name="toSeed_WrongWordsCount" classname="com.baboai.hdwalletkit.MnemonicTest" time="0.0"/>
  <testcase name="toSeed_InvalidMnemonicKey" classname="com.baboai.hdwalletkit.MnemonicTest" time="0.001"/>
  <testcase name="validate_InvalidMnemonicKey" classname="com.baboai.hdwalletkit.MnemonicTest" time="0.0"/>
  <system-out><![CDATA[]]></system-out>
  <system-err><![CDATA[]]></system-err>
</testsuite>
